build/app/intermediates/manifest_merge_blame_file/debug/manifest-merger-blame-debug-report.txt
1<?xml version="1.0" encoding="utf-8"?>
2<manifest xmlns:android="http://schemas.android.com/apk/res/android"
3    package="com.yourdomain.trackerblue"
4    android:versionCode="1"
5    android:versionName="1.0.0" >
6
7    <uses-sdk
8        android:minSdkVersion="19"
9        android:targetSdkVersion="33" />
10    <!--
11         The INTERNET permission is required for development. Specifically,
12         the Flutter tool needs it to communicate with the running application
13         to allow setting breakpoints, to provide hot reload, etc.
14    -->
15    <uses-permission android:name="android.permission.INTERNET" />
15-->src\debug\AndroidManifest.xml:6:5-66
15-->src\debug\AndroidManifest.xml:6:22-64
16    <!--
17     Required to query activities that can process text, see:
18         https://developer.android.com/training/package-visibility?hl=en and
19         https://developer.android.com/reference/android/content/Intent#ACTION_PROCESS_TEXT.
20
21         In particular, this is used by the Flutter engine in io.flutter.plugin.text.ProcessTextPlugin.
22    -->
23    <queries>
23-->src\main\AndroidManifest.xml:38:5-43:15
24        <intent>
24-->src\main\AndroidManifest.xml:39:9-42:18
25            <action android:name="android.intent.action.PROCESS_TEXT" />
25-->src\main\AndroidManifest.xml:40:13-72
25-->src\main\AndroidManifest.xml:40:21-70
26
27            <data android:mimeType="text/plain" />
27-->src\main\AndroidManifest.xml:41:13-50
27-->src\main\AndroidManifest.xml:41:19-48
28        </intent>
29    </queries>
30
31    <uses-permission android:name="android.permission.ACCESS_FINE_LOCATION" />
31-->[io.radar:sdk:3.9.5] AndroidManifest.xml:10:5-79
31-->[io.radar:sdk:3.9.5] AndroidManifest.xml:10:22-76
32    <uses-permission android:name="android.permission.ACCESS_COARSE_LOCATION" />
32-->[io.radar:sdk:3.9.5] AndroidManifest.xml:11:5-81
32-->[io.radar:sdk:3.9.5] AndroidManifest.xml:11:22-78
33    <uses-permission android:name="android.permission.ACCESS_NETWORK_STATE" />
33-->[io.radar:sdk:3.9.5] AndroidManifest.xml:12:5-79
33-->[io.radar:sdk:3.9.5] AndroidManifest.xml:12:22-76
34    <uses-permission android:name="android.permission.RECEIVE_BOOT_COMPLETED" />
34-->[io.radar:sdk:3.9.5] AndroidManifest.xml:14:5-81
34-->[io.radar:sdk:3.9.5] AndroidManifest.xml:14:22-78
35    <uses-permission android:name="android.permission.FOREGROUND_SERVICE" />
35-->[io.radar:sdk:3.9.5] AndroidManifest.xml:15:5-77
35-->[io.radar:sdk:3.9.5] AndroidManifest.xml:15:22-74
36
37    <application
38        android:name="android.app.Application"
39        android:appComponentFactory="androidx.core.app.CoreComponentFactory"
39-->[androidx.core:core:1.7.0] AndroidManifest.xml:24:18-86
40        android:debuggable="true"
41        android:icon="@mipmap/ic_launcher"
42        android:label="trackerblue" >
43        <activity
44            android:name="com.yourdomain.trackerblue.MainActivity"
45            android:configChanges="orientation|keyboardHidden|keyboard|screenSize|smallestScreenSize|locale|layoutDirection|fontScale|screenLayout|density|uiMode"
46            android:exported="true"
47            android:hardwareAccelerated="true"
48            android:launchMode="singleTop"
49            android:theme="@style/LaunchTheme"
50            android:windowSoftInputMode="adjustResize" >
51
52            <!--
53                 Specifies an Android theme to apply to this Activity as soon as
54                 the Android process has started. This theme is visible to the user
55                 while the Flutter UI initializes. After that, this theme continues
56                 to determine the Window background behind the Flutter UI.
57            -->
58            <meta-data
59                android:name="io.flutter.embedding.android.NormalTheme"
60                android:resource="@style/NormalTheme" />
61
62            <intent-filter>
63                <action android:name="android.intent.action.MAIN" />
64
65                <category android:name="android.intent.category.LAUNCHER" />
66            </intent-filter>
67        </activity>
68        <!--
69             Don't delete the meta-data below.
70             This is used by the Flutter tool to generate GeneratedPluginRegistrant.java
71        -->
72        <meta-data
73            android:name="flutterEmbedding"
74            android:value="2" />
75
76        <uses-library
76-->[androidx.window:window:1.0.0-beta04] AndroidManifest.xml:25:9-27:40
77            android:name="androidx.window.extensions"
77-->[androidx.window:window:1.0.0-beta04] AndroidManifest.xml:26:13-54
78            android:required="false" />
78-->[androidx.window:window:1.0.0-beta04] AndroidManifest.xml:27:13-37
79        <uses-library
79-->[androidx.window:window:1.0.0-beta04] AndroidManifest.xml:28:9-30:40
80            android:name="androidx.window.sidecar"
80-->[androidx.window:window:1.0.0-beta04] AndroidManifest.xml:29:13-51
81            android:required="false" />
81-->[androidx.window:window:1.0.0-beta04] AndroidManifest.xml:30:13-37
82
83        <receiver
83-->[io.radar:sdk:3.9.5] AndroidManifest.xml:18:9-29:20
84            android:name="io.radar.sdk.RadarLocationReceiver"
84-->[io.radar:sdk:3.9.5] AndroidManifest.xml:19:13-62
85            android:enabled="true"
85-->[io.radar:sdk:3.9.5] AndroidManifest.xml:20:13-35
86            android:exported="false" >
86-->[io.radar:sdk:3.9.5] AndroidManifest.xml:21:13-37
87            <intent-filter android:priority="999" >
87-->[io.radar:sdk:3.9.5] AndroidManifest.xml:22:13-28:29
87-->[io.radar:sdk:3.9.5] AndroidManifest.xml:22:28-50
88                <action android:name="io.radar.sdk.LocationReceiver.SYNCED_GEOFENCES" />
88-->[io.radar:sdk:3.9.5] AndroidManifest.xml:23:17-89
88-->[io.radar:sdk:3.9.5] AndroidManifest.xml:23:25-86
89                <action android:name="io.radar.sdk.LocationReceiver.GEOFENCE" />
89-->[io.radar:sdk:3.9.5] AndroidManifest.xml:24:17-81
89-->[io.radar:sdk:3.9.5] AndroidManifest.xml:24:25-78
90                <action android:name="io.radar.sdk.LocationReceiver.LOCATION" />
90-->[io.radar:sdk:3.9.5] AndroidManifest.xml:25:17-81
90-->[io.radar:sdk:3.9.5] AndroidManifest.xml:25:25-78
91                <action android:name="io.radar.sdk.LocationReceiver.BEACON" />
91-->[io.radar:sdk:3.9.5] AndroidManifest.xml:26:17-79
91-->[io.radar:sdk:3.9.5] AndroidManifest.xml:26:25-76
92                <action android:name="android.intent.action.BOOT_COMPLETED" />
92-->[io.radar:sdk:3.9.5] AndroidManifest.xml:27:17-79
92-->[io.radar:sdk:3.9.5] AndroidManifest.xml:27:25-76
93            </intent-filter>
94        </receiver>
95
96        <service
96-->[io.radar:sdk:3.9.5] AndroidManifest.xml:31:9-34:72
97            android:name="io.radar.sdk.RadarJobScheduler"
97-->[io.radar:sdk:3.9.5] AndroidManifest.xml:32:13-58
98            android:exported="true"
98-->[io.radar:sdk:3.9.5] AndroidManifest.xml:33:13-36
99            android:permission="android.permission.BIND_JOB_SERVICE" />
99-->[io.radar:sdk:3.9.5] AndroidManifest.xml:34:13-69
100        <service
100-->[io.radar:sdk:3.9.5] AndroidManifest.xml:35:9-37:56
101            android:name="io.radar.sdk.RadarForegroundService"
101-->[io.radar:sdk:3.9.5] AndroidManifest.xml:36:13-63
102            android:foregroundServiceType="location" />
102-->[io.radar:sdk:3.9.5] AndroidManifest.xml:37:13-53
103
104        <activity
104-->[com.google.android.gms:play-services-base:18.1.0] AndroidManifest.xml:20:9-22:45
105            android:name="com.google.android.gms.common.api.GoogleApiActivity"
105-->[com.google.android.gms:play-services-base:18.1.0] AndroidManifest.xml:20:19-85
106            android:exported="false"
106-->[com.google.android.gms:play-services-base:18.1.0] AndroidManifest.xml:22:19-43
107            android:theme="@android:style/Theme.Translucent.NoTitleBar" />
107-->[com.google.android.gms:play-services-base:18.1.0] AndroidManifest.xml:21:19-78
108
109        <meta-data
109-->[com.google.android.gms:play-services-basement:18.1.0] AndroidManifest.xml:21:9-23:69
110            android:name="com.google.android.gms.version"
110-->[com.google.android.gms:play-services-basement:18.1.0] AndroidManifest.xml:22:13-58
111            android:value="@integer/google_play_services_version" />
111-->[com.google.android.gms:play-services-basement:18.1.0] AndroidManifest.xml:23:13-66
112
113        <provider
113-->[androidx.emoji2:emoji2:1.0.0] AndroidManifest.xml:26:9-34:20
114            android:name="androidx.startup.InitializationProvider"
114-->[androidx.emoji2:emoji2:1.0.0] AndroidManifest.xml:27:13-67
115            android:authorities="com.yourdomain.trackerblue.androidx-startup"
115-->[androidx.emoji2:emoji2:1.0.0] AndroidManifest.xml:28:13-68
116            android:exported="false" >
116-->[androidx.emoji2:emoji2:1.0.0] AndroidManifest.xml:29:13-37
117            <meta-data
117-->[androidx.emoji2:emoji2:1.0.0] AndroidManifest.xml:31:13-33:52
118                android:name="androidx.emoji2.text.EmojiCompatInitializer"
118-->[androidx.emoji2:emoji2:1.0.0] AndroidManifest.xml:32:17-75
119                android:value="androidx.startup" />
119-->[androidx.emoji2:emoji2:1.0.0] AndroidManifest.xml:33:17-49
120            <meta-data
120-->[androidx.lifecycle:lifecycle-process:2.4.0] AndroidManifest.xml:31:13-33:52
121                android:name="androidx.lifecycle.ProcessLifecycleInitializer"
121-->[androidx.lifecycle:lifecycle-process:2.4.0] AndroidManifest.xml:32:17-78
122                android:value="androidx.startup" />
122-->[androidx.lifecycle:lifecycle-process:2.4.0] AndroidManifest.xml:33:17-49
123        </provider>
124    </application>
125
126</manifest>